[debug] [2023-06-29T16:58:30.463Z] ----------------------------------------------------------------------
[debug] [2023-06-29T16:58:30.464Z] Command:       C:\Program Files\nodejs\node.exe C:\Program Files\nodejs\node_modules\firebase-tools\lib\bin\firebase.js init
[debug] [2023-06-29T16:58:30.464Z] CLI Version:   12.2.1
[debug] [2023-06-29T16:58:30.465Z] Platform:      win32
[debug] [2023-06-29T16:58:30.465Z] Node Version:  v18.14.2
[debug] [2023-06-29T16:58:30.465Z] Time:          Thu Jun 29 2023 18:58:30 GMT+0200 (czas środkowoeuropejski letni)
[debug] [2023-06-29T16:58:30.466Z] ----------------------------------------------------------------------
[debug] 
[debug] [2023-06-29T16:58:30.470Z] > command requires scopes: ["email","openid","https://www.googleapis.com/auth/cloudplatformprojects.readonly","https://www.googleapis.com/auth/firebase","https://www.googleapis.com/auth/cloud-platform"]
[debug] [2023-06-29T16:58:30.470Z] > authorizing via signed-in user (hubertpaprocki.dev@gmail.com)
[info] 
     ######## #### ########  ######## ########     ###     ######  ########
     ##        ##  ##     ## ##       ##     ##  ##   ##  ##       ##
     ######    ##  ########  ######   ########  #########  ######  ######
     ##        ##  ##    ##  ##       ##     ## ##     ##       ## ##
     ##       #### ##     ## ######## ########  ##     ##  ######  ########

You're about to initialize a Firebase project in this directory:

  E:\WebDev\simple-weather

[info] 
=== Project Setup
[info] 
[info] First, let's associate this project directory with a Firebase project.
[info] You can create multiple project aliases by running firebase use --add, 
[info] but for now we'll just set up a default project.
[info] 
[debug] [2023-06-29T16:58:36.018Z] >>> [apiv2][query] GET https://firebase.googleapis.com/v1beta1/projects pageSize=100
[debug] [2023-06-29T16:58:36.508Z] <<< [apiv2][status] GET https://firebase.googleapis.com/v1beta1/projects 200
[debug] [2023-06-29T16:58:36.508Z] <<< [apiv2][body] GET https://firebase.googleapis.com/v1beta1/projects [omitted]
[info] i  Using project simple-weather-hp (Simple-Weather) 
[info] 
=== Hosting Setup
[info] 
[info] Your public directory is the folder (relative to your project directory) that
[info] will contain Hosting assets to be uploaded with firebase deploy. If you
[info] have a build process for your assets, use your build's output directory.
[info] 
[debug] [2023-06-29T17:07:59.980Z] >>> [apiv2][query] GET https://www.gstatic.com/firebasejs/releases.json [none]
[debug] [2023-06-29T17:08:00.052Z] <<< [apiv2][status] GET https://www.gstatic.com/firebasejs/releases.json 200
[debug] [2023-06-29T17:08:00.052Z] <<< [apiv2][body] GET https://www.gstatic.com/firebasejs/releases.json {"current":{"version":"9.23.0","browserURL":"https://www.gstatic.com/firebasejs/9.23.0/firebase.js","packageURL":"https://www.gstatic.com/firebasejs/9.23.0/firebase.tgz"},"live":{"version":"9.23","browserURL":"https://www.gstatic.com/firebasejs/live/9.23/firebase.js","packageURL":"https://www.gstatic.com/firebasejs/live/9.23/firebase.tgz"},"components":{"analytics":"https://www.gstatic.com/firebasejs/9.23.0/firebase-analytics.js","app":"https://www.gstatic.com/firebasejs/9.23.0/firebase-app.js","app-check":"https://www.gstatic.com/firebasejs/9.23.0/firebase-app-check.js","auth":"https://www.gstatic.com/firebasejs/9.23.0/firebase-auth.js","auth/cordova":"https://www.gstatic.com/firebasejs/9.23.0/firebase-auth/cordova.js","auth/react-native":"https://www.gstatic.com/firebasejs/9.23.0/firebase-auth/react-native.js","functions":"https://www.gstatic.com/firebasejs/9.23.0/firebase-functions.js","firestore":"https://www.gstatic.com/firebasejs/9.23.0/firebase-firestore.js","firestore/lite":"https://www.gstatic.com/firebasejs/9.23.0/firebase-firestore/lite.js","installations":"https://www.gstatic.com/firebasejs/9.23.0/firebase-installations.js","storage":"https://www.gstatic.com/firebasejs/9.23.0/firebase-storage.js","performance":"https://www.gstatic.com/firebasejs/9.23.0/firebase-performance.js","remote-config":"https://www.gstatic.com/firebasejs/9.23.0/firebase-remote-config.js","messaging":"https://www.gstatic.com/firebasejs/9.23.0/firebase-messaging.js","messaging/sw":"https://www.gstatic.com/firebasejs/9.23.0/firebase-messaging/sw.js","database":"https://www.gstatic.com/firebasejs/9.23.0/firebase-database.js","firestore.memory":"https://www.gstatic.com/firebasejs/9.23.0/firebase-firestore.memory.js"}}
[info] i  Skipping write of build/index.html 
[info] 
[info] i  Detected a .git folder at E:\WebDev\simple-weather 
[info] i  Authorizing with GitHub to upload your service account to a GitHub repository's secrets store. 
[info] 
[info] Visit this URL on this device to log in:
[info] https://github.com/login/oauth/authorize?client_id=89cf50f02ac6aaed3484&state=868087372&redirect_uri=http%3A%2F%2Flocalhost%3A9005&scope=read%3Auser%20repo%20public_repo
[info] 
[info] Waiting for authentication...
[debug] [2023-06-29T17:08:03.825Z] >>> [apiv2][query] POST https://github.com/login/oauth/access_token [none]
[debug] [2023-06-29T17:08:03.825Z] >>> [apiv2][body] POST https://github.com/login/oauth/access_token [stream]
[debug] [2023-06-29T17:08:04.154Z] <<< [apiv2][status] POST https://github.com/login/oauth/access_token 200
[debug] [2023-06-29T17:08:04.154Z] <<< [apiv2][body] POST https://github.com/login/oauth/access_token {"access_token":"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","token_type":"bearer","scope":"read:user,repo"}
[debug] [2023-06-29T17:08:04.158Z] >>> [apiv2][query] GET https://api.github.com/user [none]
[debug] [2023-06-29T17:08:04.485Z] <<< [apiv2][status] GET https://api.github.com/user 200
[debug] [2023-06-29T17:08:04.485Z] <<< [apiv2][body] GET https://api.github.com/user {"login":"Hubert-paprocki","id":103882491,"node_id":"U_kgDOBjEe-w","avatar_url":"https://avatars.githubusercontent.com/u/103882491?v=4","gravatar_id":"","url":"https://api.github.com/users/Hubert-paprocki","html_url":"https://github.com/Hubert-paprocki","followers_url":"https://api.github.com/users/Hubert-paprocki/followers","following_url":"https://api.github.com/users/Hubert-paprocki/following{/other_user}","gists_url":"https://api.github.com/users/Hubert-paprocki/gists{/gist_id}","starred_url":"https://api.github.com/users/Hubert-paprocki/starred{/owner}{/repo}","subscriptions_url":"https://api.github.com/users/Hubert-paprocki/subscriptions","organizations_url":"https://api.github.com/users/Hubert-paprocki/orgs","repos_url":"https://api.github.com/users/Hubert-paprocki/repos","events_url":"https://api.github.com/users/Hubert-paprocki/events{/privacy}","received_events_url":"https://api.github.com/users/Hubert-paprocki/received_events","type":"User","site_admin":false,"name":"Hubert Paprocki","company":null,"blog":"","location":"Poland","email":null,"hireable":null,"bio":null,"twitter_username":null,"public_repos":9,"public_gists":0,"followers":0,"following":0,"created_at":"2022-04-17T10:44:33Z","updated_at":"2023-06-07T17:31:46Z","private_gists":0,"total_private_repos":6,"owned_private_repos":6,"disk_usage":131949,"collaborators":0,"two_factor_authentication":false,"plan":{"name":"free","space":976562499,"collaborators":0,"private_repos":10000}}
[info] 
[info] +  Success! Logged into GitHub as Hubert-paprocki 
[info] 
